Started GET "/" for 127.0.0.1 at 2017-04-23 11:55:34 +0900
  
Mysql2::Error (Can't connect to local MySQL server through socket '/tmp/mysql.sock' (2)):
  
mysql2 (0.4.5) lib/mysql2/client.rb:89:in `connect'
mysql2 (0.4.5) lib/mysql2/client.rb:89:in `initialize'
activerecord (5.0.2) lib/active_record/connection_adapters/mysql2_adapter.rb:25:in `new'
activerecord (5.0.2) lib/active_record/connection_adapters/mysql2_adapter.rb:25:in `mysql2_connection'
activerecord (5.0.2) lib/active_record/connection_adapters/abstract/connection_pool.rb:729:in `new_connection'
activerecord (5.0.2) lib/active_record/connection_adapters/abstract/connection_pool.rb:773:in `checkout_new_connection'
activerecord (5.0.2) lib/active_record/connection_adapters/abstract/connection_pool.rb:752:in `try_to_checkout_new_connection'
activerecord (5.0.2) lib/active_record/connection_adapters/abstract/connection_pool.rb:713:in `acquire_connection'
activerecord (5.0.2) lib/active_record/connection_adapters/abstract/connection_pool.rb:490:in `checkout'
activerecord (5.0.2) lib/active_record/connection_adapters/abstract/connection_pool.rb:364:in `connection'
activerecord (5.0.2) lib/active_record/connection_adapters/abstract/connection_pool.rb:883:in `retrieve_connection'
activerecord (5.0.2) lib/active_record/connection_handling.rb:128:in `retrieve_connection'
activerecord (5.0.2) lib/active_record/connection_handling.rb:91:in `connection'
activerecord (5.0.2) lib/active_record/migration.rb:559:in `connection'
activerecord (5.0.2) lib/active_record/migration.rb:546:in `call'
actionpack (5.0.2) lib/action_dispatch/middleware/callbacks.rb:38:in `block in call'
activesupport (5.0.2) lib/active_support/callbacks.rb:97:in `__run_callbacks__'
activesupport (5.0.2) lib/active_support/callbacks.rb:750:in `_run_call_callbacks'
activesupport (5.0.2) lib/active_support/callbacks.rb:90:in `run_callbacks'
actionpack (5.0.2) lib/action_dispatch/middleware/callbacks.rb:36:in `call'
actionpack (5.0.2) lib/action_dispatch/middleware/executor.rb:12:in `call'
actionpack (5.0.2) lib/action_dispatch/middleware/remote_ip.rb:79:in `call'
actionpack (5.0.2) lib/action_dispatch/middleware/debug_exceptions.rb:49:in `call'
web-console (3.4.0) lib/web_console/middleware.rb:135:in `call_app'
web-console (3.4.0) lib/web_console/middleware.rb:28:in `block in call'
web-console (3.4.0) lib/web_console/middleware.rb:18:in `catch'
web-console (3.4.0) lib/web_console/middleware.rb:18:in `call'
actionpack (5.0.2) lib/action_dispatch/middleware/show_exceptions.rb:31:in `call'
railties (5.0.2) lib/rails/rack/logger.rb:36:in `call_app'
railties (5.0.2) lib/rails/rack/logger.rb:24:in `block in call'
activesupport (5.0.2) lib/active_support/tagged_logging.rb:69:in `block in tagged'
activesupport (5.0.2) lib/active_support/tagged_logging.rb:26:in `tagged'
activesupport (5.0.2) lib/active_support/tagged_logging.rb:69:in `tagged'
railties (5.0.2) lib/rails/rack/logger.rb:24:in `call'
actionpack (5.0.2) lib/action_dispatch/middleware/request_id.rb:24:in `call'
rack (2.0.1) lib/rack/method_override.rb:22:in `call'
rack (2.0.1) lib/rack/runtime.rb:22:in `call'
activesupport (5.0.2) lib/active_support/cache/strategy/local_cache_middleware.rb:28:in `call'
actionpack (5.0.2) lib/action_dispatch/middleware/executor.rb:12:in `call'
actionpack (5.0.2) lib/action_dispatch/middleware/static.rb:136:in `call'
rack (2.0.1) lib/rack/sendfile.rb:111:in `call'
railties (5.0.2) lib/rails/engine.rb:522:in `call'
puma (3.8.2) lib/puma/configuration.rb:224:in `call'
puma (3.8.2) lib/puma/server.rb:600:in `handle_request'
puma (3.8.2) lib/puma/server.rb:435:in `process_client'
puma (3.8.2) lib/puma/server.rb:299:in `block in run'
puma (3.8.2) lib/puma/thread_pool.rb:120:in `block in spawn_thread'
  Rendering /Users/yushiro/.rbenv/versions/2.3.1/lib/ruby/gems/2.3.0/gems/actionpack-5.0.2/lib/action_dispatch/middleware/templates/rescues/diagnostics.html.erb within rescues/layout
  Rendering /Users/yushiro/.rbenv/versions/2.3.1/lib/ruby/gems/2.3.0/gems/actionpack-5.0.2/lib/action_dispatch/middleware/templates/rescues/_source.html.erb
  Rendered /Users/yushiro/.rbenv/versions/2.3.1/lib/ruby/gems/2.3.0/gems/actionpack-5.0.2/lib/action_dispatch/middleware/templates/rescues/_source.html.erb (3.2ms)
  Rendering /Users/yushiro/.rbenv/versions/2.3.1/lib/ruby/gems/2.3.0/gems/actionpack-5.0.2/lib/action_dispatch/middleware/templates/rescues/_trace.html.erb
  Rendered /Users/yushiro/.rbenv/versions/2.3.1/lib/ruby/gems/2.3.0/gems/actionpack-5.0.2/lib/action_dispatch/middleware/templates/rescues/_trace.html.erb (1.2ms)
  Rendering /Users/yushiro/.rbenv/versions/2.3.1/lib/ruby/gems/2.3.0/gems/actionpack-5.0.2/lib/action_dispatch/middleware/templates/rescues/_request_and_response.html.erb
  Rendered /Users/yushiro/.rbenv/versions/2.3.1/lib/ruby/gems/2.3.0/gems/actionpack-5.0.2/lib/action_dispatch/middleware/templates/rescues/_request_and_response.html.erb (0.7ms)
  Rendered /Users/yushiro/.rbenv/versions/2.3.1/lib/ruby/gems/2.3.0/gems/actionpack-5.0.2/lib/action_dispatch/middleware/templates/rescues/diagnostics.html.erb within rescues/layout (65.4ms)
Started GET "/" for 127.0.0.1 at 2017-04-23 11:56:21 +0900
  
ActiveRecord::NoDatabaseError (Unknown database 'react-redux-rails-app_development'):
  
activerecord (5.0.2) lib/active_record/connection_adapters/mysql2_adapter.rb:29:in `rescue in mysql2_connection'
activerecord (5.0.2) lib/active_record/connection_adapters/mysql2_adapter.rb:12:in `mysql2_connection'
activerecord (5.0.2) lib/active_record/connection_adapters/abstract/connection_pool.rb:729:in `new_connection'
activerecord (5.0.2) lib/active_record/connection_adapters/abstract/connection_pool.rb:773:in `checkout_new_connection'
activerecord (5.0.2) lib/active_record/connection_adapters/abstract/connection_pool.rb:752:in `try_to_checkout_new_connection'
activerecord (5.0.2) lib/active_record/connection_adapters/abstract/connection_pool.rb:713:in `acquire_connection'
activerecord (5.0.2) lib/active_record/connection_adapters/abstract/connection_pool.rb:490:in `checkout'
activerecord (5.0.2) lib/active_record/connection_adapters/abstract/connection_pool.rb:364:in `connection'
activerecord (5.0.2) lib/active_record/connection_adapters/abstract/connection_pool.rb:883:in `retrieve_connection'
activerecord (5.0.2) lib/active_record/connection_handling.rb:128:in `retrieve_connection'
activerecord (5.0.2) lib/active_record/connection_handling.rb:91:in `connection'
activerecord (5.0.2) lib/active_record/migration.rb:559:in `connection'
activerecord (5.0.2) lib/active_record/migration.rb:546:in `call'
actionpack (5.0.2) lib/action_dispatch/middleware/callbacks.rb:38:in `block in call'
activesupport (5.0.2) lib/active_support/callbacks.rb:97:in `__run_callbacks__'
activesupport (5.0.2) lib/active_support/callbacks.rb:750:in `_run_call_callbacks'
activesupport (5.0.2) lib/active_support/callbacks.rb:90:in `run_callbacks'
actionpack (5.0.2) lib/action_dispatch/middleware/callbacks.rb:36:in `call'
actionpack (5.0.2) lib/action_dispatch/middleware/executor.rb:12:in `call'
actionpack (5.0.2) lib/action_dispatch/middleware/remote_ip.rb:79:in `call'
actionpack (5.0.2) lib/action_dispatch/middleware/debug_exceptions.rb:49:in `call'
web-console (3.4.0) lib/web_console/middleware.rb:135:in `call_app'
web-console (3.4.0) lib/web_console/middleware.rb:28:in `block in call'
web-console (3.4.0) lib/web_console/middleware.rb:18:in `catch'
web-console (3.4.0) lib/web_console/middleware.rb:18:in `call'
actionpack (5.0.2) lib/action_dispatch/middleware/show_exceptions.rb:31:in `call'
railties (5.0.2) lib/rails/rack/logger.rb:36:in `call_app'
railties (5.0.2) lib/rails/rack/logger.rb:24:in `block in call'
activesupport (5.0.2) lib/active_support/tagged_logging.rb:69:in `block in tagged'
activesupport (5.0.2) lib/active_support/tagged_logging.rb:26:in `tagged'
activesupport (5.0.2) lib/active_support/tagged_logging.rb:69:in `tagged'
railties (5.0.2) lib/rails/rack/logger.rb:24:in `call'
actionpack (5.0.2) lib/action_dispatch/middleware/request_id.rb:24:in `call'
rack (2.0.1) lib/rack/method_override.rb:22:in `call'
rack (2.0.1) lib/rack/runtime.rb:22:in `call'
activesupport (5.0.2) lib/active_support/cache/strategy/local_cache_middleware.rb:28:in `call'
actionpack (5.0.2) lib/action_dispatch/middleware/executor.rb:12:in `call'
actionpack (5.0.2) lib/action_dispatch/middleware/static.rb:136:in `call'
rack (2.0.1) lib/rack/sendfile.rb:111:in `call'
railties (5.0.2) lib/rails/engine.rb:522:in `call'
puma (3.8.2) lib/puma/configuration.rb:224:in `call'
puma (3.8.2) lib/puma/server.rb:600:in `handle_request'
puma (3.8.2) lib/puma/server.rb:435:in `process_client'
puma (3.8.2) lib/puma/server.rb:299:in `block in run'
puma (3.8.2) lib/puma/thread_pool.rb:120:in `block in spawn_thread'
  Rendering /Users/yushiro/.rbenv/versions/2.3.1/lib/ruby/gems/2.3.0/gems/actionpack-5.0.2/lib/action_dispatch/middleware/templates/rescues/diagnostics.html.erb within rescues/layout
  Rendering /Users/yushiro/.rbenv/versions/2.3.1/lib/ruby/gems/2.3.0/gems/actionpack-5.0.2/lib/action_dispatch/middleware/templates/rescues/_source.html.erb
  Rendered /Users/yushiro/.rbenv/versions/2.3.1/lib/ruby/gems/2.3.0/gems/actionpack-5.0.2/lib/action_dispatch/middleware/templates/rescues/_source.html.erb (1.7ms)
  Rendering /Users/yushiro/.rbenv/versions/2.3.1/lib/ruby/gems/2.3.0/gems/actionpack-5.0.2/lib/action_dispatch/middleware/templates/rescues/_trace.html.erb
  Rendered /Users/yushiro/.rbenv/versions/2.3.1/lib/ruby/gems/2.3.0/gems/actionpack-5.0.2/lib/action_dispatch/middleware/templates/rescues/_trace.html.erb (1.0ms)
  Rendering /Users/yushiro/.rbenv/versions/2.3.1/lib/ruby/gems/2.3.0/gems/actionpack-5.0.2/lib/action_dispatch/middleware/templates/rescues/_request_and_response.html.erb
  Rendered /Users/yushiro/.rbenv/versions/2.3.1/lib/ruby/gems/2.3.0/gems/actionpack-5.0.2/lib/action_dispatch/middleware/templates/rescues/_request_and_response.html.erb (0.6ms)
  Rendered /Users/yushiro/.rbenv/versions/2.3.1/lib/ruby/gems/2.3.0/gems/actionpack-5.0.2/lib/action_dispatch/middleware/templates/rescues/diagnostics.html.erb within rescues/layout (49.3ms)
Started GET "/" for 127.0.0.1 at 2017-04-23 11:56:22 +0900
  
ActiveRecord::NoDatabaseError (Unknown database 'react-redux-rails-app_development'):
  
activerecord (5.0.2) lib/active_record/connection_adapters/mysql2_adapter.rb:29:in `rescue in mysql2_connection'
activerecord (5.0.2) lib/active_record/connection_adapters/mysql2_adapter.rb:12:in `mysql2_connection'
activerecord (5.0.2) lib/active_record/connection_adapters/abstract/connection_pool.rb:729:in `new_connection'
activerecord (5.0.2) lib/active_record/connection_adapters/abstract/connection_pool.rb:773:in `checkout_new_connection'
activerecord (5.0.2) lib/active_record/connection_adapters/abstract/connection_pool.rb:752:in `try_to_checkout_new_connection'
activerecord (5.0.2) lib/active_record/connection_adapters/abstract/connection_pool.rb:713:in `acquire_connection'
activerecord (5.0.2) lib/active_record/connection_adapters/abstract/connection_pool.rb:490:in `checkout'
activerecord (5.0.2) lib/active_record/connection_adapters/abstract/connection_pool.rb:364:in `connection'
activerecord (5.0.2) lib/active_record/connection_adapters/abstract/connection_pool.rb:883:in `retrieve_connection'
activerecord (5.0.2) lib/active_record/connection_handling.rb:128:in `retrieve_connection'
activerecord (5.0.2) lib/active_record/connection_handling.rb:91:in `connection'
activerecord (5.0.2) lib/active_record/migration.rb:559:in `connection'
activerecord (5.0.2) lib/active_record/migration.rb:546:in `call'
actionpack (5.0.2) lib/action_dispatch/middleware/callbacks.rb:38:in `block in call'
activesupport (5.0.2) lib/active_support/callbacks.rb:97:in `__run_callbacks__'
activesupport (5.0.2) lib/active_support/callbacks.rb:750:in `_run_call_callbacks'
activesupport (5.0.2) lib/active_support/callbacks.rb:90:in `run_callbacks'
actionpack (5.0.2) lib/action_dispatch/middleware/callbacks.rb:36:in `call'
actionpack (5.0.2) lib/action_dispatch/middleware/executor.rb:12:in `call'
actionpack (5.0.2) lib/action_dispatch/middleware/remote_ip.rb:79:in `call'
actionpack (5.0.2) lib/action_dispatch/middleware/debug_exceptions.rb:49:in `call'
web-console (3.4.0) lib/web_console/middleware.rb:135:in `call_app'
web-console (3.4.0) lib/web_console/middleware.rb:28:in `block in call'
web-console (3.4.0) lib/web_console/middleware.rb:18:in `catch'
web-console (3.4.0) lib/web_console/middleware.rb:18:in `call'
actionpack (5.0.2) lib/action_dispatch/middleware/show_exceptions.rb:31:in `call'
railties (5.0.2) lib/rails/rack/logger.rb:36:in `call_app'
railties (5.0.2) lib/rails/rack/logger.rb:24:in `block in call'
activesupport (5.0.2) lib/active_support/tagged_logging.rb:69:in `block in tagged'
activesupport (5.0.2) lib/active_support/tagged_logging.rb:26:in `tagged'
activesupport (5.0.2) lib/active_support/tagged_logging.rb:69:in `tagged'
railties (5.0.2) lib/rails/rack/logger.rb:24:in `call'
actionpack (5.0.2) lib/action_dispatch/middleware/request_id.rb:24:in `call'
rack (2.0.1) lib/rack/method_override.rb:22:in `call'
rack (2.0.1) lib/rack/runtime.rb:22:in `call'
activesupport (5.0.2) lib/active_support/cache/strategy/local_cache_middleware.rb:28:in `call'
actionpack (5.0.2) lib/action_dispatch/middleware/executor.rb:12:in `call'
actionpack (5.0.2) lib/action_dispatch/middleware/static.rb:136:in `call'
rack (2.0.1) lib/rack/sendfile.rb:111:in `call'
railties (5.0.2) lib/rails/engine.rb:522:in `call'
puma (3.8.2) lib/puma/configuration.rb:224:in `call'
puma (3.8.2) lib/puma/server.rb:600:in `handle_request'
puma (3.8.2) lib/puma/server.rb:435:in `process_client'
puma (3.8.2) lib/puma/server.rb:299:in `block in run'
puma (3.8.2) lib/puma/thread_pool.rb:120:in `block in spawn_thread'
  Rendering /Users/yushiro/.rbenv/versions/2.3.1/lib/ruby/gems/2.3.0/gems/actionpack-5.0.2/lib/action_dispatch/middleware/templates/rescues/diagnostics.html.erb within rescues/layout
  Rendering /Users/yushiro/.rbenv/versions/2.3.1/lib/ruby/gems/2.3.0/gems/actionpack-5.0.2/lib/action_dispatch/middleware/templates/rescues/_source.html.erb
  Rendered /Users/yushiro/.rbenv/versions/2.3.1/lib/ruby/gems/2.3.0/gems/actionpack-5.0.2/lib/action_dispatch/middleware/templates/rescues/_source.html.erb (1.5ms)
  Rendering /Users/yushiro/.rbenv/versions/2.3.1/lib/ruby/gems/2.3.0/gems/actionpack-5.0.2/lib/action_dispatch/middleware/templates/rescues/_trace.html.erb
  Rendered /Users/yushiro/.rbenv/versions/2.3.1/lib/ruby/gems/2.3.0/gems/actionpack-5.0.2/lib/action_dispatch/middleware/templates/rescues/_trace.html.erb (2.0ms)
  Rendering /Users/yushiro/.rbenv/versions/2.3.1/lib/ruby/gems/2.3.0/gems/actionpack-5.0.2/lib/action_dispatch/middleware/templates/rescues/_request_and_response.html.erb
  Rendered /Users/yushiro/.rbenv/versions/2.3.1/lib/ruby/gems/2.3.0/gems/actionpack-5.0.2/lib/action_dispatch/middleware/templates/rescues/_request_and_response.html.erb (0.7ms)
  Rendered /Users/yushiro/.rbenv/versions/2.3.1/lib/ruby/gems/2.3.0/gems/actionpack-5.0.2/lib/action_dispatch/middleware/templates/rescues/diagnostics.html.erb within rescues/layout (46.7ms)
Started GET "/" for 127.0.0.1 at 2017-04-23 11:58:11 +0900
  
ActiveRecord::NoDatabaseError (Unknown database 'react-redux-rails-app_development'):
  
activerecord (5.0.2) lib/active_record/connection_adapters/mysql2_adapter.rb:29:in `rescue in mysql2_connection'
activerecord (5.0.2) lib/active_record/connection_adapters/mysql2_adapter.rb:12:in `mysql2_connection'
activerecord (5.0.2) lib/active_record/connection_adapters/abstract/connection_pool.rb:729:in `new_connection'
activerecord (5.0.2) lib/active_record/connection_adapters/abstract/connection_pool.rb:773:in `checkout_new_connection'
activerecord (5.0.2) lib/active_record/connection_adapters/abstract/connection_pool.rb:752:in `try_to_checkout_new_connection'
activerecord (5.0.2) lib/active_record/connection_adapters/abstract/connection_pool.rb:713:in `acquire_connection'
activerecord (5.0.2) lib/active_record/connection_adapters/abstract/connection_pool.rb:490:in `checkout'
activerecord (5.0.2) lib/active_record/connection_adapters/abstract/connection_pool.rb:364:in `connection'
activerecord (5.0.2) lib/active_record/connection_adapters/abstract/connection_pool.rb:883:in `retrieve_connection'
activerecord (5.0.2) lib/active_record/connection_handling.rb:128:in `retrieve_connection'
activerecord (5.0.2) lib/active_record/connection_handling.rb:91:in `connection'
activerecord (5.0.2) lib/active_record/migration.rb:559:in `connection'
activerecord (5.0.2) lib/active_record/migration.rb:546:in `call'
actionpack (5.0.2) lib/action_dispatch/middleware/callbacks.rb:38:in `block in call'
activesupport (5.0.2) lib/active_support/callbacks.rb:97:in `__run_callbacks__'
activesupport (5.0.2) lib/active_support/callbacks.rb:750:in `_run_call_callbacks'
activesupport (5.0.2) lib/active_support/callbacks.rb:90:in `run_callbacks'
actionpack (5.0.2) lib/action_dispatch/middleware/callbacks.rb:36:in `call'
actionpack (5.0.2) lib/action_dispatch/middleware/executor.rb:12:in `call'
actionpack (5.0.2) lib/action_dispatch/middleware/remote_ip.rb:79:in `call'
actionpack (5.0.2) lib/action_dispatch/middleware/debug_exceptions.rb:49:in `call'
web-console (3.4.0) lib/web_console/middleware.rb:135:in `call_app'
web-console (3.4.0) lib/web_console/middleware.rb:28:in `block in call'
web-console (3.4.0) lib/web_console/middleware.rb:18:in `catch'
web-console (3.4.0) lib/web_console/middleware.rb:18:in `call'
actionpack (5.0.2) lib/action_dispatch/middleware/show_exceptions.rb:31:in `call'
railties (5.0.2) lib/rails/rack/logger.rb:36:in `call_app'
railties (5.0.2) lib/rails/rack/logger.rb:24:in `block in call'
activesupport (5.0.2) lib/active_support/tagged_logging.rb:69:in `block in tagged'
activesupport (5.0.2) lib/active_support/tagged_logging.rb:26:in `tagged'
activesupport (5.0.2) lib/active_support/tagged_logging.rb:69:in `tagged'
railties (5.0.2) lib/rails/rack/logger.rb:24:in `call'
actionpack (5.0.2) lib/action_dispatch/middleware/request_id.rb:24:in `call'
rack (2.0.1) lib/rack/method_override.rb:22:in `call'
rack (2.0.1) lib/rack/runtime.rb:22:in `call'
activesupport (5.0.2) lib/active_support/cache/strategy/local_cache_middleware.rb:28:in `call'
actionpack (5.0.2) lib/action_dispatch/middleware/executor.rb:12:in `call'
actionpack (5.0.2) lib/action_dispatch/middleware/static.rb:136:in `call'
rack (2.0.1) lib/rack/sendfile.rb:111:in `call'
railties (5.0.2) lib/rails/engine.rb:522:in `call'
puma (3.8.2) lib/puma/configuration.rb:224:in `call'
puma (3.8.2) lib/puma/server.rb:600:in `handle_request'
puma (3.8.2) lib/puma/server.rb:435:in `process_client'
puma (3.8.2) lib/puma/server.rb:299:in `block in run'
puma (3.8.2) lib/puma/thread_pool.rb:120:in `block in spawn_thread'
  Rendering /Users/yushiro/.rbenv/versions/2.3.1/lib/ruby/gems/2.3.0/gems/actionpack-5.0.2/lib/action_dispatch/middleware/templates/rescues/diagnostics.html.erb within rescues/layout
  Rendering /Users/yushiro/.rbenv/versions/2.3.1/lib/ruby/gems/2.3.0/gems/actionpack-5.0.2/lib/action_dispatch/middleware/templates/rescues/_source.html.erb
  Rendered /Users/yushiro/.rbenv/versions/2.3.1/lib/ruby/gems/2.3.0/gems/actionpack-5.0.2/lib/action_dispatch/middleware/templates/rescues/_source.html.erb (1.5ms)
  Rendering /Users/yushiro/.rbenv/versions/2.3.1/lib/ruby/gems/2.3.0/gems/actionpack-5.0.2/lib/action_dispatch/middleware/templates/rescues/_trace.html.erb
  Rendered /Users/yushiro/.rbenv/versions/2.3.1/lib/ruby/gems/2.3.0/gems/actionpack-5.0.2/lib/action_dispatch/middleware/templates/rescues/_trace.html.erb (0.9ms)
  Rendering /Users/yushiro/.rbenv/versions/2.3.1/lib/ruby/gems/2.3.0/gems/actionpack-5.0.2/lib/action_dispatch/middleware/templates/rescues/_request_and_response.html.erb
  Rendered /Users/yushiro/.rbenv/versions/2.3.1/lib/ruby/gems/2.3.0/gems/actionpack-5.0.2/lib/action_dispatch/middleware/templates/rescues/_request_and_response.html.erb (0.5ms)
  Rendered /Users/yushiro/.rbenv/versions/2.3.1/lib/ruby/gems/2.3.0/gems/actionpack-5.0.2/lib/action_dispatch/middleware/templates/rescues/diagnostics.html.erb within rescues/layout (43.3ms)
Started GET "/" for 127.0.0.1 at 2017-04-23 11:58:12 +0900
  
ActiveRecord::NoDatabaseError (Unknown database 'react-redux-rails-app_development'):
  
activerecord (5.0.2) lib/active_record/connection_adapters/mysql2_adapter.rb:29:in `rescue in mysql2_connection'
activerecord (5.0.2) lib/active_record/connection_adapters/mysql2_adapter.rb:12:in `mysql2_connection'
activerecord (5.0.2) lib/active_record/connection_adapters/abstract/connection_pool.rb:729:in `new_connection'
activerecord (5.0.2) lib/active_record/connection_adapters/abstract/connection_pool.rb:773:in `checkout_new_connection'
activerecord (5.0.2) lib/active_record/connection_adapters/abstract/connection_pool.rb:752:in `try_to_checkout_new_connection'
activerecord (5.0.2) lib/active_record/connection_adapters/abstract/connection_pool.rb:713:in `acquire_connection'
activerecord (5.0.2) lib/active_record/connection_adapters/abstract/connection_pool.rb:490:in `checkout'
activerecord (5.0.2) lib/active_record/connection_adapters/abstract/connection_pool.rb:364:in `connection'
activerecord (5.0.2) lib/active_record/connection_adapters/abstract/connection_pool.rb:883:in `retrieve_connection'
activerecord (5.0.2) lib/active_record/connection_handling.rb:128:in `retrieve_connection'
activerecord (5.0.2) lib/active_record/connection_handling.rb:91:in `connection'
activerecord (5.0.2) lib/active_record/migration.rb:559:in `connection'
activerecord (5.0.2) lib/active_record/migration.rb:546:in `call'
actionpack (5.0.2) lib/action_dispatch/middleware/callbacks.rb:38:in `block in call'
activesupport (5.0.2) lib/active_support/callbacks.rb:97:in `__run_callbacks__'
activesupport (5.0.2) lib/active_support/callbacks.rb:750:in `_run_call_callbacks'
activesupport (5.0.2) lib/active_support/callbacks.rb:90:in `run_callbacks'
actionpack (5.0.2) lib/action_dispatch/middleware/callbacks.rb:36:in `call'
actionpack (5.0.2) lib/action_dispatch/middleware/executor.rb:12:in `call'
actionpack (5.0.2) lib/action_dispatch/middleware/remote_ip.rb:79:in `call'
actionpack (5.0.2) lib/action_dispatch/middleware/debug_exceptions.rb:49:in `call'
web-console (3.4.0) lib/web_console/middleware.rb:135:in `call_app'
web-console (3.4.0) lib/web_console/middleware.rb:28:in `block in call'
web-console (3.4.0) lib/web_console/middleware.rb:18:in `catch'
web-console (3.4.0) lib/web_console/middleware.rb:18:in `call'
actionpack (5.0.2) lib/action_dispatch/middleware/show_exceptions.rb:31:in `call'
railties (5.0.2) lib/rails/rack/logger.rb:36:in `call_app'
railties (5.0.2) lib/rails/rack/logger.rb:24:in `block in call'
activesupport (5.0.2) lib/active_support/tagged_logging.rb:69:in `block in tagged'
activesupport (5.0.2) lib/active_support/tagged_logging.rb:26:in `tagged'
activesupport (5.0.2) lib/active_support/tagged_logging.rb:69:in `tagged'
railties (5.0.2) lib/rails/rack/logger.rb:24:in `call'
actionpack (5.0.2) lib/action_dispatch/middleware/request_id.rb:24:in `call'
rack (2.0.1) lib/rack/method_override.rb:22:in `call'
rack (2.0.1) lib/rack/runtime.rb:22:in `call'
activesupport (5.0.2) lib/active_support/cache/strategy/local_cache_middleware.rb:28:in `call'
actionpack (5.0.2) lib/action_dispatch/middleware/executor.rb:12:in `call'
actionpack (5.0.2) lib/action_dispatch/middleware/static.rb:136:in `call'
rack (2.0.1) lib/rack/sendfile.rb:111:in `call'
railties (5.0.2) lib/rails/engine.rb:522:in `call'
puma (3.8.2) lib/puma/configuration.rb:224:in `call'
puma (3.8.2) lib/puma/server.rb:600:in `handle_request'
puma (3.8.2) lib/puma/server.rb:435:in `process_client'
puma (3.8.2) lib/puma/server.rb:299:in `block in run'
puma (3.8.2) lib/puma/thread_pool.rb:120:in `block in spawn_thread'
  Rendering /Users/yushiro/.rbenv/versions/2.3.1/lib/ruby/gems/2.3.0/gems/actionpack-5.0.2/lib/action_dispatch/middleware/templates/rescues/diagnostics.html.erb within rescues/layout
  Rendering /Users/yushiro/.rbenv/versions/2.3.1/lib/ruby/gems/2.3.0/gems/actionpack-5.0.2/lib/action_dispatch/middleware/templates/rescues/_source.html.erb
  Rendered /Users/yushiro/.rbenv/versions/2.3.1/lib/ruby/gems/2.3.0/gems/actionpack-5.0.2/lib/action_dispatch/middleware/templates/rescues/_source.html.erb (2.4ms)
  Rendering /Users/yushiro/.rbenv/versions/2.3.1/lib/ruby/gems/2.3.0/gems/actionpack-5.0.2/lib/action_dispatch/middleware/templates/rescues/_trace.html.erb
  Rendered /Users/yushiro/.rbenv/versions/2.3.1/lib/ruby/gems/2.3.0/gems/actionpack-5.0.2/lib/action_dispatch/middleware/templates/rescues/_trace.html.erb (1.1ms)
  Rendering /Users/yushiro/.rbenv/versions/2.3.1/lib/ruby/gems/2.3.0/gems/actionpack-5.0.2/lib/action_dispatch/middleware/templates/rescues/_request_and_response.html.erb
  Rendered /Users/yushiro/.rbenv/versions/2.3.1/lib/ruby/gems/2.3.0/gems/actionpack-5.0.2/lib/action_dispatch/middleware/templates/rescues/_request_and_response.html.erb (0.6ms)
  Rendered /Users/yushiro/.rbenv/versions/2.3.1/lib/ruby/gems/2.3.0/gems/actionpack-5.0.2/lib/action_dispatch/middleware/templates/rescues/diagnostics.html.erb within rescues/layout (48.1ms)
Started GET "/" for 127.0.0.1 at 2017-04-23 11:58:38 +0900
  
ActiveRecord::NoDatabaseError (Unknown database 'react-redux-rails-app_development'):
  
activerecord (5.0.2) lib/active_record/connection_adapters/mysql2_adapter.rb:29:in `rescue in mysql2_connection'
activerecord (5.0.2) lib/active_record/connection_adapters/mysql2_adapter.rb:12:in `mysql2_connection'
activerecord (5.0.2) lib/active_record/connection_adapters/abstract/connection_pool.rb:729:in `new_connection'
activerecord (5.0.2) lib/active_record/connection_adapters/abstract/connection_pool.rb:773:in `checkout_new_connection'
activerecord (5.0.2) lib/active_record/connection_adapters/abstract/connection_pool.rb:752:in `try_to_checkout_new_connection'
activerecord (5.0.2) lib/active_record/connection_adapters/abstract/connection_pool.rb:713:in `acquire_connection'
activerecord (5.0.2) lib/active_record/connection_adapters/abstract/connection_pool.rb:490:in `checkout'
activerecord (5.0.2) lib/active_record/connection_adapters/abstract/connection_pool.rb:364:in `connection'
activerecord (5.0.2) lib/active_record/connection_adapters/abstract/connection_pool.rb:883:in `retrieve_connection'
activerecord (5.0.2) lib/active_record/connection_handling.rb:128:in `retrieve_connection'
activerecord (5.0.2) lib/active_record/connection_handling.rb:91:in `connection'
activerecord (5.0.2) lib/active_record/migration.rb:559:in `connection'
activerecord (5.0.2) lib/active_record/migration.rb:546:in `call'
actionpack (5.0.2) lib/action_dispatch/middleware/callbacks.rb:38:in `block in call'
activesupport (5.0.2) lib/active_support/callbacks.rb:97:in `__run_callbacks__'
activesupport (5.0.2) lib/active_support/callbacks.rb:750:in `_run_call_callbacks'
activesupport (5.0.2) lib/active_support/callbacks.rb:90:in `run_callbacks'
actionpack (5.0.2) lib/action_dispatch/middleware/callbacks.rb:36:in `call'
actionpack (5.0.2) lib/action_dispatch/middleware/executor.rb:12:in `call'
actionpack (5.0.2) lib/action_dispatch/middleware/remote_ip.rb:79:in `call'
actionpack (5.0.2) lib/action_dispatch/middleware/debug_exceptions.rb:49:in `call'
web-console (3.4.0) lib/web_console/middleware.rb:135:in `call_app'
web-console (3.4.0) lib/web_console/middleware.rb:28:in `block in call'
web-console (3.4.0) lib/web_console/middleware.rb:18:in `catch'
web-console (3.4.0) lib/web_console/middleware.rb:18:in `call'
actionpack (5.0.2) lib/action_dispatch/middleware/show_exceptions.rb:31:in `call'
railties (5.0.2) lib/rails/rack/logger.rb:36:in `call_app'
railties (5.0.2) lib/rails/rack/logger.rb:24:in `block in call'
activesupport (5.0.2) lib/active_support/tagged_logging.rb:69:in `block in tagged'
activesupport (5.0.2) lib/active_support/tagged_logging.rb:26:in `tagged'
activesupport (5.0.2) lib/active_support/tagged_logging.rb:69:in `tagged'
railties (5.0.2) lib/rails/rack/logger.rb:24:in `call'
actionpack (5.0.2) lib/action_dispatch/middleware/request_id.rb:24:in `call'
rack (2.0.1) lib/rack/method_override.rb:22:in `call'
rack (2.0.1) lib/rack/runtime.rb:22:in `call'
activesupport (5.0.2) lib/active_support/cache/strategy/local_cache_middleware.rb:28:in `call'
actionpack (5.0.2) lib/action_dispatch/middleware/executor.rb:12:in `call'
actionpack (5.0.2) lib/action_dispatch/middleware/static.rb:136:in `call'
rack (2.0.1) lib/rack/sendfile.rb:111:in `call'
railties (5.0.2) lib/rails/engine.rb:522:in `call'
puma (3.8.2) lib/puma/configuration.rb:224:in `call'
puma (3.8.2) lib/puma/server.rb:600:in `handle_request'
puma (3.8.2) lib/puma/server.rb:435:in `process_client'
puma (3.8.2) lib/puma/server.rb:299:in `block in run'
puma (3.8.2) lib/puma/thread_pool.rb:120:in `block in spawn_thread'
  Rendering /Users/yushiro/.rbenv/versions/2.3.1/lib/ruby/gems/2.3.0/gems/actionpack-5.0.2/lib/action_dispatch/middleware/templates/rescues/diagnostics.html.erb within rescues/layout
  Rendering /Users/yushiro/.rbenv/versions/2.3.1/lib/ruby/gems/2.3.0/gems/actionpack-5.0.2/lib/action_dispatch/middleware/templates/rescues/_source.html.erb
  Rendered /Users/yushiro/.rbenv/versions/2.3.1/lib/ruby/gems/2.3.0/gems/actionpack-5.0.2/lib/action_dispatch/middleware/templates/rescues/_source.html.erb (1.5ms)
  Rendering /Users/yushiro/.rbenv/versions/2.3.1/lib/ruby/gems/2.3.0/gems/actionpack-5.0.2/lib/action_dispatch/middleware/templates/rescues/_trace.html.erb
  Rendered /Users/yushiro/.rbenv/versions/2.3.1/lib/ruby/gems/2.3.0/gems/actionpack-5.0.2/lib/action_dispatch/middleware/templates/rescues/_trace.html.erb (0.9ms)
  Rendering /Users/yushiro/.rbenv/versions/2.3.1/lib/ruby/gems/2.3.0/gems/actionpack-5.0.2/lib/action_dispatch/middleware/templates/rescues/_request_and_response.html.erb
  Rendered /Users/yushiro/.rbenv/versions/2.3.1/lib/ruby/gems/2.3.0/gems/actionpack-5.0.2/lib/action_dispatch/middleware/templates/rescues/_request_and_response.html.erb (0.5ms)
  Rendered /Users/yushiro/.rbenv/versions/2.3.1/lib/ruby/gems/2.3.0/gems/actionpack-5.0.2/lib/action_dispatch/middleware/templates/rescues/diagnostics.html.erb within rescues/layout (43.6ms)
Started GET "/" for 127.0.0.1 at 2017-04-23 11:58:39 +0900
  
ActiveRecord::NoDatabaseError (Unknown database 'react-redux-rails-app_development'):
  
activerecord (5.0.2) lib/active_record/connection_adapters/mysql2_adapter.rb:29:in `rescue in mysql2_connection'
activerecord (5.0.2) lib/active_record/connection_adapters/mysql2_adapter.rb:12:in `mysql2_connection'
activerecord (5.0.2) lib/active_record/connection_adapters/abstract/connection_pool.rb:729:in `new_connection'
activerecord (5.0.2) lib/active_record/connection_adapters/abstract/connection_pool.rb:773:in `checkout_new_connection'
activerecord (5.0.2) lib/active_record/connection_adapters/abstract/connection_pool.rb:752:in `try_to_checkout_new_connection'
activerecord (5.0.2) lib/active_record/connection_adapters/abstract/connection_pool.rb:713:in `acquire_connection'
activerecord (5.0.2) lib/active_record/connection_adapters/abstract/connection_pool.rb:490:in `checkout'
activerecord (5.0.2) lib/active_record/connection_adapters/abstract/connection_pool.rb:364:in `connection'
activerecord (5.0.2) lib/active_record/connection_adapters/abstract/connection_pool.rb:883:in `retrieve_connection'
activerecord (5.0.2) lib/active_record/connection_handling.rb:128:in `retrieve_connection'
activerecord (5.0.2) lib/active_record/connection_handling.rb:91:in `connection'
activerecord (5.0.2) lib/active_record/migration.rb:559:in `connection'
activerecord (5.0.2) lib/active_record/migration.rb:546:in `call'
actionpack (5.0.2) lib/action_dispatch/middleware/callbacks.rb:38:in `block in call'
activesupport (5.0.2) lib/active_support/callbacks.rb:97:in `__run_callbacks__'
activesupport (5.0.2) lib/active_support/callbacks.rb:750:in `_run_call_callbacks'
activesupport (5.0.2) lib/active_support/callbacks.rb:90:in `run_callbacks'
actionpack (5.0.2) lib/action_dispatch/middleware/callbacks.rb:36:in `call'
actionpack (5.0.2) lib/action_dispatch/middleware/executor.rb:12:in `call'
actionpack (5.0.2) lib/action_dispatch/middleware/remote_ip.rb:79:in `call'
actionpack (5.0.2) lib/action_dispatch/middleware/debug_exceptions.rb:49:in `call'
web-console (3.4.0) lib/web_console/middleware.rb:135:in `call_app'
web-console (3.4.0) lib/web_console/middleware.rb:28:in `block in call'
web-console (3.4.0) lib/web_console/middleware.rb:18:in `catch'
web-console (3.4.0) lib/web_console/middleware.rb:18:in `call'
actionpack (5.0.2) lib/action_dispatch/middleware/show_exceptions.rb:31:in `call'
railties (5.0.2) lib/rails/rack/logger.rb:36:in `call_app'
railties (5.0.2) lib/rails/rack/logger.rb:24:in `block in call'
activesupport (5.0.2) lib/active_support/tagged_logging.rb:69:in `block in tagged'
activesupport (5.0.2) lib/active_support/tagged_logging.rb:26:in `tagged'
activesupport (5.0.2) lib/active_support/tagged_logging.rb:69:in `tagged'
railties (5.0.2) lib/rails/rack/logger.rb:24:in `call'
actionpack (5.0.2) lib/action_dispatch/middleware/request_id.rb:24:in `call'
rack (2.0.1) lib/rack/method_override.rb:22:in `call'
rack (2.0.1) lib/rack/runtime.rb:22:in `call'
activesupport (5.0.2) lib/active_support/cache/strategy/local_cache_middleware.rb:28:in `call'
actionpack (5.0.2) lib/action_dispatch/middleware/executor.rb:12:in `call'
actionpack (5.0.2) lib/action_dispatch/middleware/static.rb:136:in `call'
rack (2.0.1) lib/rack/sendfile.rb:111:in `call'
railties (5.0.2) lib/rails/engine.rb:522:in `call'
puma (3.8.2) lib/puma/configuration.rb:224:in `call'
puma (3.8.2) lib/puma/server.rb:600:in `handle_request'
puma (3.8.2) lib/puma/server.rb:435:in `process_client'
puma (3.8.2) lib/puma/server.rb:299:in `block in run'
puma (3.8.2) lib/puma/thread_pool.rb:120:in `block in spawn_thread'
  Rendering /Users/yushiro/.rbenv/versions/2.3.1/lib/ruby/gems/2.3.0/gems/actionpack-5.0.2/lib/action_dispatch/middleware/templates/rescues/diagnostics.html.erb within rescues/layout
  Rendering /Users/yushiro/.rbenv/versions/2.3.1/lib/ruby/gems/2.3.0/gems/actionpack-5.0.2/lib/action_dispatch/middleware/templates/rescues/_source.html.erb
  Rendered /Users/yushiro/.rbenv/versions/2.3.1/lib/ruby/gems/2.3.0/gems/actionpack-5.0.2/lib/action_dispatch/middleware/templates/rescues/_source.html.erb (1.5ms)
  Rendering /Users/yushiro/.rbenv/versions/2.3.1/lib/ruby/gems/2.3.0/gems/actionpack-5.0.2/lib/action_dispatch/middleware/templates/rescues/_trace.html.erb
  Rendered /Users/yushiro/.rbenv/versions/2.3.1/lib/ruby/gems/2.3.0/gems/actionpack-5.0.2/lib/action_dispatch/middleware/templates/rescues/_trace.html.erb (1.9ms)
  Rendering /Users/yushiro/.rbenv/versions/2.3.1/lib/ruby/gems/2.3.0/gems/actionpack-5.0.2/lib/action_dispatch/middleware/templates/rescues/_request_and_response.html.erb
  Rendered /Users/yushiro/.rbenv/versions/2.3.1/lib/ruby/gems/2.3.0/gems/actionpack-5.0.2/lib/action_dispatch/middleware/templates/rescues/_request_and_response.html.erb (0.6ms)
  Rendered /Users/yushiro/.rbenv/versions/2.3.1/lib/ruby/gems/2.3.0/gems/actionpack-5.0.2/lib/action_dispatch/middleware/templates/rescues/diagnostics.html.erb within rescues/layout (48.0ms)
Started GET "/" for 127.0.0.1 at 2017-04-23 11:58:53 +0900
Processing by Rails::WelcomeController#index as HTML
  Parameters: {"internal"=>true}
  Rendering /Users/yushiro/.rbenv/versions/2.3.1/lib/ruby/gems/2.3.0/gems/railties-5.0.2/lib/rails/templates/rails/welcome/index.html.erb
  Rendered /Users/yushiro/.rbenv/versions/2.3.1/lib/ruby/gems/2.3.0/gems/railties-5.0.2/lib/rails/templates/rails/welcome/index.html.erb (3.7ms)
Completed 200 OK in 10ms (Views: 7.9ms | ActiveRecord: 0.0ms)


Started GET "/" for 127.0.0.1 at 2017-04-23 12:02:55 +0900
Processing by Rails::WelcomeController#index as HTML
  Parameters: {"internal"=>true}
  Rendering /Users/yushiro/.rbenv/versions/2.3.1/lib/ruby/gems/2.3.0/gems/railties-5.0.2/lib/rails/templates/rails/welcome/index.html.erb
  Rendered /Users/yushiro/.rbenv/versions/2.3.1/lib/ruby/gems/2.3.0/gems/railties-5.0.2/lib/rails/templates/rails/welcome/index.html.erb (3.3ms)
Completed 200 OK in 8ms (Views: 6.6ms | ActiveRecord: 0.0ms)


Started GET "/" for 127.0.0.1 at 2017-04-23 12:02:57 +0900
Processing by Rails::WelcomeController#index as HTML
  Parameters: {"internal"=>true}
  Rendering /Users/yushiro/.rbenv/versions/2.3.1/lib/ruby/gems/2.3.0/gems/railties-5.0.2/lib/rails/templates/rails/welcome/index.html.erb
  Rendered /Users/yushiro/.rbenv/versions/2.3.1/lib/ruby/gems/2.3.0/gems/railties-5.0.2/lib/rails/templates/rails/welcome/index.html.erb (3.1ms)
Completed 200 OK in 6ms (Views: 4.6ms | ActiveRecord: 0.0ms)


Started GET "/" for 127.0.0.1 at 2017-04-23 12:25:33 +0900
Processing by Rails::WelcomeController#index as HTML
  Parameters: {"internal"=>true}
  Rendering /Users/yushiro/.rbenv/versions/2.3.1/lib/ruby/gems/2.3.0/gems/railties-5.0.2/lib/rails/templates/rails/welcome/index.html.erb
  Rendered /Users/yushiro/.rbenv/versions/2.3.1/lib/ruby/gems/2.3.0/gems/railties-5.0.2/lib/rails/templates/rails/welcome/index.html.erb (3.8ms)
Completed 200 OK in 9ms (Views: 7.3ms | ActiveRecord: 0.0ms)


Started GET "/" for 127.0.0.1 at 2017-04-23 12:29:10 +0900
Processing by Rails::WelcomeController#index as HTML
  Parameters: {"internal"=>true}
  Rendering /Users/yushiro/.rbenv/versions/2.3.1/lib/ruby/gems/2.3.0/gems/railties-5.0.2/lib/rails/templates/rails/welcome/index.html.erb
  Rendered /Users/yushiro/.rbenv/versions/2.3.1/lib/ruby/gems/2.3.0/gems/railties-5.0.2/lib/rails/templates/rails/welcome/index.html.erb (3.2ms)
Completed 200 OK in 9ms (Views: 7.2ms | ActiveRecord: 0.0ms)


Started GET "/" for 127.0.0.1 at 2017-04-23 12:29:11 +0900
Processing by Rails::WelcomeController#index as HTML
  Parameters: {"internal"=>true}
  Rendering /Users/yushiro/.rbenv/versions/2.3.1/lib/ruby/gems/2.3.0/gems/railties-5.0.2/lib/rails/templates/rails/welcome/index.html.erb
  Rendered /Users/yushiro/.rbenv/versions/2.3.1/lib/ruby/gems/2.3.0/gems/railties-5.0.2/lib/rails/templates/rails/welcome/index.html.erb (2.6ms)
Completed 200 OK in 6ms (Views: 4.2ms | ActiveRecord: 0.0ms)


Started GET "/" for 127.0.0.1 at 2017-04-23 13:53:34 +0900
Processing by Rails::WelcomeController#index as HTML
  Parameters: {"internal"=>true}
  Rendering /Users/yushiro/.rbenv/versions/2.3.1/lib/ruby/gems/2.3.0/gems/railties-5.0.2/lib/rails/templates/rails/welcome/index.html.erb
  Rendered /Users/yushiro/.rbenv/versions/2.3.1/lib/ruby/gems/2.3.0/gems/railties-5.0.2/lib/rails/templates/rails/welcome/index.html.erb (3.4ms)
Completed 200 OK in 9ms (Views: 7.5ms | ActiveRecord: 0.0ms)


Started GET "/" for 127.0.0.1 at 2017-04-23 13:56:25 +0900
Processing by Rails::WelcomeController#index as HTML
  Parameters: {"internal"=>true}
  Rendering /Users/yushiro/.rbenv/versions/2.3.1/lib/ruby/gems/2.3.0/gems/railties-5.0.2/lib/rails/templates/rails/welcome/index.html.erb
  Rendered /Users/yushiro/.rbenv/versions/2.3.1/lib/ruby/gems/2.3.0/gems/railties-5.0.2/lib/rails/templates/rails/welcome/index.html.erb (3.5ms)
Completed 200 OK in 8ms (Views: 6.8ms | ActiveRecord: 0.0ms)


Started GET "/" for 127.0.0.1 at 2017-04-23 14:02:33 +0900
Processing by Rails::WelcomeController#index as HTML
  Parameters: {"internal"=>true}
  Rendering /Users/yushiro/.rbenv/versions/2.3.1/lib/ruby/gems/2.3.0/gems/railties-5.0.2/lib/rails/templates/rails/welcome/index.html.erb
  Rendered /Users/yushiro/.rbenv/versions/2.3.1/lib/ruby/gems/2.3.0/gems/railties-5.0.2/lib/rails/templates/rails/welcome/index.html.erb (3.6ms)
Completed 200 OK in 10ms (Views: 7.8ms | ActiveRecord: 0.0ms)


Started GET "/" for 127.0.0.1 at 2017-04-23 14:31:26 +0900
Processing by Rails::WelcomeController#index as HTML
  Parameters: {"internal"=>true}
  Rendering /Users/yushiro/.rbenv/versions/2.3.1/lib/ruby/gems/2.3.0/gems/railties-5.0.2/lib/rails/templates/rails/welcome/index.html.erb
  Rendered /Users/yushiro/.rbenv/versions/2.3.1/lib/ruby/gems/2.3.0/gems/railties-5.0.2/lib/rails/templates/rails/welcome/index.html.erb (4.2ms)
Completed 200 OK in 11ms (Views: 8.9ms | ActiveRecord: 0.0ms)


Started GET "/" for 127.0.0.1 at 2017-04-23 14:32:24 +0900
Processing by Rails::WelcomeController#index as HTML
  Parameters: {"internal"=>true}
  Rendering /Users/yushiro/.rbenv/versions/2.3.1/lib/ruby/gems/2.3.0/gems/railties-5.0.2/lib/rails/templates/rails/welcome/index.html.erb
  Rendered /Users/yushiro/.rbenv/versions/2.3.1/lib/ruby/gems/2.3.0/gems/railties-5.0.2/lib/rails/templates/rails/welcome/index.html.erb (3.1ms)
Completed 200 OK in 7ms (Views: 4.8ms | ActiveRecord: 0.0ms)


Started GET "/" for 127.0.0.1 at 2017-04-23 14:32:38 +0900
Processing by Rails::WelcomeController#index as HTML
  Parameters: {"internal"=>true}
  Rendering /Users/yushiro/.rbenv/versions/2.3.1/lib/ruby/gems/2.3.0/gems/railties-5.0.2/lib/rails/templates/rails/welcome/index.html.erb
  Rendered /Users/yushiro/.rbenv/versions/2.3.1/lib/ruby/gems/2.3.0/gems/railties-5.0.2/lib/rails/templates/rails/welcome/index.html.erb (2.9ms)
Completed 200 OK in 7ms (Views: 5.0ms | ActiveRecord: 0.0ms)


Started GET "/" for 127.0.0.1 at 2017-04-23 14:32:39 +0900
Processing by Rails::WelcomeController#index as HTML
  Parameters: {"internal"=>true}
  Rendering /Users/yushiro/.rbenv/versions/2.3.1/lib/ruby/gems/2.3.0/gems/railties-5.0.2/lib/rails/templates/rails/welcome/index.html.erb
  Rendered /Users/yushiro/.rbenv/versions/2.3.1/lib/ruby/gems/2.3.0/gems/railties-5.0.2/lib/rails/templates/rails/welcome/index.html.erb (2.8ms)
Completed 200 OK in 7ms (Views: 4.4ms | ActiveRecord: 0.0ms)


Started GET "/rails/info/routes" for 127.0.0.1 at 2017-04-23 14:32:49 +0900
Processing by Rails::InfoController#routes as HTML
  Parameters: {"internal"=>true}
  Rendering /Users/yushiro/.rbenv/versions/2.3.1/lib/ruby/gems/2.3.0/gems/railties-5.0.2/lib/rails/templates/rails/info/routes.html.erb within layouts/application
  Rendered collection of /Users/yushiro/.rbenv/versions/2.3.1/lib/ruby/gems/2.3.0/gems/actionpack-5.0.2/lib/action_dispatch/middleware/templates/routes/_route.html.erb [1 times] (10.2ms)
  Rendered /Users/yushiro/.rbenv/versions/2.3.1/lib/ruby/gems/2.3.0/gems/actionpack-5.0.2/lib/action_dispatch/middleware/templates/routes/_table.html.erb (10.5ms)
  Rendered /Users/yushiro/.rbenv/versions/2.3.1/lib/ruby/gems/2.3.0/gems/railties-5.0.2/lib/rails/templates/rails/info/routes.html.erb within layouts/application (27.1ms)
Completed 200 OK in 36ms (Views: 32.7ms | ActiveRecord: 0.0ms)


Started GET "/sample" for 127.0.0.1 at 2017-04-23 14:32:56 +0900
Processing by SampleController#index as HTML
Completed 406 Not Acceptable in 27ms (ActiveRecord: 0.0ms)


  
ActionController::UnknownFormat (SampleController#index is missing a template for this request format and variant.

request.formats: ["text/html"]
request.variant: []

NOTE! For XHR/Ajax or API requests, this action would normally respond with 204 No Content: an empty white screen. Since you're loading it in a web browser, we assume that you expected to actually render a template, not nothing, so we're showing an error to be extra-clear. If you expect 204 No Content, carry on. That's what you'll get from an XHR or API request. Give it a shot.):
  
actionpack (5.0.2) lib/action_controller/metal/implicit_render.rb:56:in `default_render'
actionpack (5.0.2) lib/action_controller/metal/basic_implicit_render.rb:4:in `block in send_action'
actionpack (5.0.2) lib/action_controller/metal/basic_implicit_render.rb:4:in `tap'
actionpack (5.0.2) lib/action_controller/metal/basic_implicit_render.rb:4:in `send_action'
actionpack (5.0.2) lib/abstract_controller/base.rb:188:in `process_action'
actionpack (5.0.2) lib/action_controller/metal/rendering.rb:30:in `process_action'
actionpack (5.0.2) lib/abstract_controller/callbacks.rb:20:in `block in process_action'
activesupport (5.0.2) lib/active_support/callbacks.rb:126:in `call'
activesupport (5.0.2) lib/active_support/callbacks.rb:506:in `block (2 levels) in compile'
activesupport (5.0.2) lib/active_support/callbacks.rb:455:in `call'
activesupport (5.0.2) lib/active_support/callbacks.rb:101:in `__run_callbacks__'
activesupport (5.0.2) lib/active_support/callbacks.rb:750:in `_run_process_action_callbacks'
activesupport (5.0.2) lib/active_support/callbacks.rb:90:in `run_callbacks'
actionpack (5.0.2) lib/abstract_controller/callbacks.rb:19:in `process_action'
actionpack (5.0.2) lib/action_controller/metal/rescue.rb:20:in `process_action'
actionpack (5.0.2) lib/action_controller/metal/instrumentation.rb:32:in `block in process_action'
activesupport (5.0.2) lib/active_support/notifications.rb:164:in `block in instrument'
activesupport (5.0.2) lib/active_support/notifications/instrumenter.rb:21:in `instrument'
activesupport (5.0.2) lib/active_support/notifications.rb:164:in `instrument'
actionpack (5.0.2) lib/action_controller/metal/instrumentation.rb:30:in `process_action'
actionpack (5.0.2) lib/action_controller/metal/params_wrapper.rb:248:in `process_action'
activerecord (5.0.2) lib/active_record/railties/controller_runtime.rb:18:in `process_action'
actionpack (5.0.2) lib/abstract_controller/base.rb:126:in `process'
actionview (5.0.2) lib/action_view/rendering.rb:30:in `process'
actionpack (5.0.2) lib/action_controller/metal.rb:190:in `dispatch'
actionpack (5.0.2) lib/action_controller/metal.rb:262:in `dispatch'
actionpack (5.0.2) lib/action_dispatch/routing/route_set.rb:50:in `dispatch'
actionpack (5.0.2) lib/action_dispatch/routing/route_set.rb:32:in `serve'
actionpack (5.0.2) lib/action_dispatch/journey/router.rb:39:in `block in serve'
actionpack (5.0.2) lib/action_dispatch/journey/router.rb:26:in `each'
actionpack (5.0.2) lib/action_dispatch/journey/router.rb:26:in `serve'
actionpack (5.0.2) lib/action_dispatch/routing/route_set.rb:725:in `call'
rack (2.0.1) lib/rack/etag.rb:25:in `call'
rack (2.0.1) lib/rack/conditional_get.rb:25:in `call'
rack (2.0.1) lib/rack/head.rb:12:in `call'
rack (2.0.1) lib/rack/session/abstract/id.rb:222:in `context'
rack (2.0.1) lib/rack/session/abstract/id.rb:216:in `call'
actionpack (5.0.2) lib/action_dispatch/middleware/cookies.rb:613:in `call'
activerecord (5.0.2) lib/active_record/migration.rb:553:in `call'
actionpack (5.0.2) lib/action_dispatch/middleware/callbacks.rb:38:in `block in call'
activesupport (5.0.2) lib/active_support/callbacks.rb:97:in `__run_callbacks__'
activesupport (5.0.2) lib/active_support/callbacks.rb:750:in `_run_call_callbacks'
activesupport (5.0.2) lib/active_support/callbacks.rb:90:in `run_callbacks'
actionpack (5.0.2) lib/action_dispatch/middleware/callbacks.rb:36:in `call'
actionpack (5.0.2) lib/action_dispatch/middleware/executor.rb:12:in `call'
actionpack (5.0.2) lib/action_dispatch/middleware/remote_ip.rb:79:in `call'
actionpack (5.0.2) lib/action_dispatch/middleware/debug_exceptions.rb:49:in `call'
web-console (3.4.0) lib/web_console/middleware.rb:135:in `call_app'
web-console (3.4.0) lib/web_console/middleware.rb:28:in `block in call'
web-console (3.4.0) lib/web_console/middleware.rb:18:in `catch'
web-console (3.4.0) lib/web_console/middleware.rb:18:in `call'
actionpack (5.0.2) lib/action_dispatch/middleware/show_exceptions.rb:31:in `call'
railties (5.0.2) lib/rails/rack/logger.rb:36:in `call_app'
railties (5.0.2) lib/rails/rack/logger.rb:24:in `block in call'
activesupport (5.0.2) lib/active_support/tagged_logging.rb:69:in `block in tagged'
activesupport (5.0.2) lib/active_support/tagged_logging.rb:26:in `tagged'
activesupport (5.0.2) lib/active_support/tagged_logging.rb:69:in `tagged'
railties (5.0.2) lib/rails/rack/logger.rb:24:in `call'
actionpack (5.0.2) lib/action_dispatch/middleware/request_id.rb:24:in `call'
rack (2.0.1) lib/rack/method_override.rb:22:in `call'
rack (2.0.1) lib/rack/runtime.rb:22:in `call'
activesupport (5.0.2) lib/active_support/cache/strategy/local_cache_middleware.rb:28:in `call'
actionpack (5.0.2) lib/action_dispatch/middleware/executor.rb:12:in `call'
actionpack (5.0.2) lib/action_dispatch/middleware/static.rb:136:in `call'
rack (2.0.1) lib/rack/sendfile.rb:111:in `call'
railties (5.0.2) lib/rails/engine.rb:522:in `call'
puma (3.8.2) lib/puma/configuration.rb:224:in `call'
puma (3.8.2) lib/puma/server.rb:600:in `handle_request'
puma (3.8.2) lib/puma/server.rb:435:in `process_client'
puma (3.8.2) lib/puma/server.rb:299:in `block in run'
puma (3.8.2) lib/puma/thread_pool.rb:120:in `block in spawn_thread'
  Rendering /Users/yushiro/.rbenv/versions/2.3.1/lib/ruby/gems/2.3.0/gems/actionpack-5.0.2/lib/action_dispatch/middleware/templates/rescues/diagnostics.html.erb within rescues/layout
  Rendering /Users/yushiro/.rbenv/versions/2.3.1/lib/ruby/gems/2.3.0/gems/actionpack-5.0.2/lib/action_dispatch/middleware/templates/rescues/_source.html.erb
  Rendered /Users/yushiro/.rbenv/versions/2.3.1/lib/ruby/gems/2.3.0/gems/actionpack-5.0.2/lib/action_dispatch/middleware/templates/rescues/_source.html.erb (2.4ms)
  Rendering /Users/yushiro/.rbenv/versions/2.3.1/lib/ruby/gems/2.3.0/gems/actionpack-5.0.2/lib/action_dispatch/middleware/templates/rescues/_trace.html.erb
  Rendered /Users/yushiro/.rbenv/versions/2.3.1/lib/ruby/gems/2.3.0/gems/actionpack-5.0.2/lib/action_dispatch/middleware/templates/rescues/_trace.html.erb (1.2ms)
  Rendering /Users/yushiro/.rbenv/versions/2.3.1/lib/ruby/gems/2.3.0/gems/actionpack-5.0.2/lib/action_dispatch/middleware/templates/rescues/_request_and_response.html.erb
  Rendered /Users/yushiro/.rbenv/versions/2.3.1/lib/ruby/gems/2.3.0/gems/actionpack-5.0.2/lib/action_dispatch/middleware/templates/rescues/_request_and_response.html.erb (9.3ms)
  Rendered /Users/yushiro/.rbenv/versions/2.3.1/lib/ruby/gems/2.3.0/gems/actionpack-5.0.2/lib/action_dispatch/middleware/templates/rescues/diagnostics.html.erb within rescues/layout (57.6ms)
Started GET "/sample" for 127.0.0.1 at 2017-04-23 14:33:30 +0900
Processing by SampleController#index as HTML
  Rendering sample/index.html.erb within layouts/application
  Rendered sample/index.html.erb within layouts/application (0.4ms)
Completed 200 OK in 5ms (Views: 3.9ms | ActiveRecord: 0.0ms)


Started GET "/stylesheets/application.css" for 127.0.0.1 at 2017-04-23 14:33:30 +0900
  
ActionController::RoutingError (No route matches [GET] "/stylesheets/application.css"):
  
actionpack (5.0.2) lib/action_dispatch/middleware/debug_exceptions.rb:53:in `call'
web-console (3.4.0) lib/web_console/middleware.rb:135:in `call_app'
web-console (3.4.0) lib/web_console/middleware.rb:28:in `block in call'
web-console (3.4.0) lib/web_console/middleware.rb:18:in `catch'
web-console (3.4.0) lib/web_console/middleware.rb:18:in `call'
actionpack (5.0.2) lib/action_dispatch/middleware/show_exceptions.rb:31:in `call'
railties (5.0.2) lib/rails/rack/logger.rb:36:in `call_app'
railties (5.0.2) lib/rails/rack/logger.rb:24:in `block in call'
activesupport (5.0.2) lib/active_support/tagged_logging.rb:69:in `block in tagged'
activesupport (5.0.2) lib/active_support/tagged_logging.rb:26:in `tagged'
activesupport (5.0.2) lib/active_support/tagged_logging.rb:69:in `tagged'
railties (5.0.2) lib/rails/rack/logger.rb:24:in `call'
actionpack (5.0.2) lib/action_dispatch/middleware/request_id.rb:24:in `call'
rack (2.0.1) lib/rack/method_override.rb:22:in `call'
rack (2.0.1) lib/rack/runtime.rb:22:in `call'
activesupport (5.0.2) lib/active_support/cache/strategy/local_cache_middleware.rb:28:in `call'
actionpack (5.0.2) lib/action_dispatch/middleware/executor.rb:12:in `call'
actionpack (5.0.2) lib/action_dispatch/middleware/static.rb:136:in `call'
rack (2.0.1) lib/rack/sendfile.rb:111:in `call'
railties (5.0.2) lib/rails/engine.rb:522:in `call'
puma (3.8.2) lib/puma/configuration.rb:224:in `call'
puma (3.8.2) lib/puma/server.rb:600:in `handle_request'
puma (3.8.2) lib/puma/server.rb:435:in `process_client'
puma (3.8.2) lib/puma/server.rb:299:in `block in run'
puma (3.8.2) lib/puma/thread_pool.rb:120:in `block in spawn_thread'
  Rendering /Users/yushiro/.rbenv/versions/2.3.1/lib/ruby/gems/2.3.0/gems/actionpack-5.0.2/lib/action_dispatch/middleware/templates/rescues/routing_error.html.erb within rescues/layout
  Rendering /Users/yushiro/.rbenv/versions/2.3.1/lib/ruby/gems/2.3.0/gems/actionpack-5.0.2/lib/action_dispatch/middleware/templates/rescues/_trace.html.erb
  Rendered /Users/yushiro/.rbenv/versions/2.3.1/lib/ruby/gems/2.3.0/gems/actionpack-5.0.2/lib/action_dispatch/middleware/templates/rescues/_trace.html.erb (1.0ms)
  Rendered collection of /Users/yushiro/.rbenv/versions/2.3.1/lib/ruby/gems/2.3.0/gems/actionpack-5.0.2/lib/action_dispatch/middleware/templates/routes/_route.html.erb [1 times] (0.9ms)
  Rendered /Users/yushiro/.rbenv/versions/2.3.1/lib/ruby/gems/2.3.0/gems/actionpack-5.0.2/lib/action_dispatch/middleware/templates/routes/_table.html.erb (1.2ms)
  Rendering /Users/yushiro/.rbenv/versions/2.3.1/lib/ruby/gems/2.3.0/gems/actionpack-5.0.2/lib/action_dispatch/middleware/templates/rescues/_request_and_response.html.erb
  Rendered /Users/yushiro/.rbenv/versions/2.3.1/lib/ruby/gems/2.3.0/gems/actionpack-5.0.2/lib/action_dispatch/middleware/templates/rescues/_request_and_response.html.erb (0.9ms)
  Rendered /Users/yushiro/.rbenv/versions/2.3.1/lib/ruby/gems/2.3.0/gems/actionpack-5.0.2/lib/action_dispatch/middleware/templates/rescues/routing_error.html.erb within rescues/layout (66.9ms)
Started GET "/stylesheets/application.css" for 127.0.0.1 at 2017-04-23 14:33:33 +0900
  
ActionController::RoutingError (No route matches [GET] "/stylesheets/application.css"):
  
actionpack (5.0.2) lib/action_dispatch/middleware/debug_exceptions.rb:53:in `call'
web-console (3.4.0) lib/web_console/middleware.rb:135:in `call_app'
web-console (3.4.0) lib/web_console/middleware.rb:28:in `block in call'
web-console (3.4.0) lib/web_console/middleware.rb:18:in `catch'
web-console (3.4.0) lib/web_console/middleware.rb:18:in `call'
actionpack (5.0.2) lib/action_dispatch/middleware/show_exceptions.rb:31:in `call'
railties (5.0.2) lib/rails/rack/logger.rb:36:in `call_app'
railties (5.0.2) lib/rails/rack/logger.rb:24:in `block in call'
activesupport (5.0.2) lib/active_support/tagged_logging.rb:69:in `block in tagged'
activesupport (5.0.2) lib/active_support/tagged_logging.rb:26:in `tagged'
activesupport (5.0.2) lib/active_support/tagged_logging.rb:69:in `tagged'
railties (5.0.2) lib/rails/rack/logger.rb:24:in `call'
actionpack (5.0.2) lib/action_dispatch/middleware/request_id.rb:24:in `call'
rack (2.0.1) lib/rack/method_override.rb:22:in `call'
rack (2.0.1) lib/rack/runtime.rb:22:in `call'
activesupport (5.0.2) lib/active_support/cache/strategy/local_cache_middleware.rb:28:in `call'
actionpack (5.0.2) lib/action_dispatch/middleware/executor.rb:12:in `call'
actionpack (5.0.2) lib/action_dispatch/middleware/static.rb:136:in `call'
rack (2.0.1) lib/rack/sendfile.rb:111:in `call'
railties (5.0.2) lib/rails/engine.rb:522:in `call'
puma (3.8.2) lib/puma/configuration.rb:224:in `call'
puma (3.8.2) lib/puma/server.rb:600:in `handle_request'
puma (3.8.2) lib/puma/server.rb:435:in `process_client'
puma (3.8.2) lib/puma/server.rb:299:in `block in run'
puma (3.8.2) lib/puma/thread_pool.rb:120:in `block in spawn_thread'
  Rendering /Users/yushiro/.rbenv/versions/2.3.1/lib/ruby/gems/2.3.0/gems/actionpack-5.0.2/lib/action_dispatch/middleware/templates/rescues/routing_error.html.erb within rescues/layout
  Rendering /Users/yushiro/.rbenv/versions/2.3.1/lib/ruby/gems/2.3.0/gems/actionpack-5.0.2/lib/action_dispatch/middleware/templates/rescues/_trace.html.erb
  Rendered /Users/yushiro/.rbenv/versions/2.3.1/lib/ruby/gems/2.3.0/gems/actionpack-5.0.2/lib/action_dispatch/middleware/templates/rescues/_trace.html.erb (0.9ms)
  Rendered collection of /Users/yushiro/.rbenv/versions/2.3.1/lib/ruby/gems/2.3.0/gems/actionpack-5.0.2/lib/action_dispatch/middleware/templates/routes/_route.html.erb [1 times] (0.7ms)
  Rendered /Users/yushiro/.rbenv/versions/2.3.1/lib/ruby/gems/2.3.0/gems/actionpack-5.0.2/lib/action_dispatch/middleware/templates/routes/_table.html.erb (1.5ms)
  Rendering /Users/yushiro/.rbenv/versions/2.3.1/lib/ruby/gems/2.3.0/gems/actionpack-5.0.2/lib/action_dispatch/middleware/templates/rescues/_request_and_response.html.erb
  Rendered /Users/yushiro/.rbenv/versions/2.3.1/lib/ruby/gems/2.3.0/gems/actionpack-5.0.2/lib/action_dispatch/middleware/templates/rescues/_request_and_response.html.erb (1.1ms)
  Rendered /Users/yushiro/.rbenv/versions/2.3.1/lib/ruby/gems/2.3.0/gems/actionpack-5.0.2/lib/action_dispatch/middleware/templates/rescues/routing_error.html.erb within rescues/layout (71.1ms)
Started GET "/sample" for 127.0.0.1 at 2017-04-23 14:33:40 +0900
Processing by SampleController#index as HTML
  Rendering sample/index.html.erb within layouts/application
  Rendered sample/index.html.erb within layouts/application (0.4ms)
Completed 200 OK in 4ms (Views: 3.1ms | ActiveRecord: 0.0ms)


Started GET "/stylesheets/application.css" for 127.0.0.1 at 2017-04-23 14:33:40 +0900
  
ActionController::RoutingError (No route matches [GET] "/stylesheets/application.css"):
  
actionpack (5.0.2) lib/action_dispatch/middleware/debug_exceptions.rb:53:in `call'
web-console (3.4.0) lib/web_console/middleware.rb:135:in `call_app'
web-console (3.4.0) lib/web_console/middleware.rb:28:in `block in call'
web-console (3.4.0) lib/web_console/middleware.rb:18:in `catch'
web-console (3.4.0) lib/web_console/middleware.rb:18:in `call'
actionpack (5.0.2) lib/action_dispatch/middleware/show_exceptions.rb:31:in `call'
railties (5.0.2) lib/rails/rack/logger.rb:36:in `call_app'
railties (5.0.2) lib/rails/rack/logger.rb:24:in `block in call'
activesupport (5.0.2) lib/active_support/tagged_logging.rb:69:in `block in tagged'
activesupport (5.0.2) lib/active_support/tagged_logging.rb:26:in `tagged'
activesupport (5.0.2) lib/active_support/tagged_logging.rb:69:in `tagged'
railties (5.0.2) lib/rails/rack/logger.rb:24:in `call'
actionpack (5.0.2) lib/action_dispatch/middleware/request_id.rb:24:in `call'
rack (2.0.1) lib/rack/method_override.rb:22:in `call'
rack (2.0.1) lib/rack/runtime.rb:22:in `call'
activesupport (5.0.2) lib/active_support/cache/strategy/local_cache_middleware.rb:28:in `call'
actionpack (5.0.2) lib/action_dispatch/middleware/executor.rb:12:in `call'
actionpack (5.0.2) lib/action_dispatch/middleware/static.rb:136:in `call'
rack (2.0.1) lib/rack/sendfile.rb:111:in `call'
railties (5.0.2) lib/rails/engine.rb:522:in `call'
puma (3.8.2) lib/puma/configuration.rb:224:in `call'
puma (3.8.2) lib/puma/server.rb:600:in `handle_request'
puma (3.8.2) lib/puma/server.rb:435:in `process_client'
puma (3.8.2) lib/puma/server.rb:299:in `block in run'
puma (3.8.2) lib/puma/thread_pool.rb:120:in `block in spawn_thread'
  Rendering /Users/yushiro/.rbenv/versions/2.3.1/lib/ruby/gems/2.3.0/gems/actionpack-5.0.2/lib/action_dispatch/middleware/templates/rescues/routing_error.html.erb within rescues/layout
  Rendering /Users/yushiro/.rbenv/versions/2.3.1/lib/ruby/gems/2.3.0/gems/actionpack-5.0.2/lib/action_dispatch/middleware/templates/rescues/_trace.html.erb
  Rendered /Users/yushiro/.rbenv/versions/2.3.1/lib/ruby/gems/2.3.0/gems/actionpack-5.0.2/lib/action_dispatch/middleware/templates/rescues/_trace.html.erb (1.0ms)
  Rendered collection of /Users/yushiro/.rbenv/versions/2.3.1/lib/ruby/gems/2.3.0/gems/actionpack-5.0.2/lib/action_dispatch/middleware/templates/routes/_route.html.erb [1 times] (0.8ms)
  Rendered /Users/yushiro/.rbenv/versions/2.3.1/lib/ruby/gems/2.3.0/gems/actionpack-5.0.2/lib/action_dispatch/middleware/templates/routes/_table.html.erb (1.1ms)
  Rendering /Users/yushiro/.rbenv/versions/2.3.1/lib/ruby/gems/2.3.0/gems/actionpack-5.0.2/lib/action_dispatch/middleware/templates/rescues/_request_and_response.html.erb
  Rendered /Users/yushiro/.rbenv/versions/2.3.1/lib/ruby/gems/2.3.0/gems/actionpack-5.0.2/lib/action_dispatch/middleware/templates/rescues/_request_and_response.html.erb (1.0ms)
  Rendered /Users/yushiro/.rbenv/versions/2.3.1/lib/ruby/gems/2.3.0/gems/actionpack-5.0.2/lib/action_dispatch/middleware/templates/rescues/routing_error.html.erb within rescues/layout (65.5ms)
Started GET "/sample" for 127.0.0.1 at 2017-04-23 14:33:54 +0900
Processing by SampleController#index as HTML
  Rendering sample/index.html.erb within layouts/application
  Rendered sample/index.html.erb within layouts/application (0.5ms)
Completed 200 OK in 4ms (Views: 3.2ms | ActiveRecord: 0.0ms)


Started GET "/stylesheets/application.css" for 127.0.0.1 at 2017-04-23 14:33:54 +0900
  
ActionController::RoutingError (No route matches [GET] "/stylesheets/application.css"):
  
actionpack (5.0.2) lib/action_dispatch/middleware/debug_exceptions.rb:53:in `call'
web-console (3.4.0) lib/web_console/middleware.rb:135:in `call_app'
web-console (3.4.0) lib/web_console/middleware.rb:28:in `block in call'
web-console (3.4.0) lib/web_console/middleware.rb:18:in `catch'
web-console (3.4.0) lib/web_console/middleware.rb:18:in `call'
actionpack (5.0.2) lib/action_dispatch/middleware/show_exceptions.rb:31:in `call'
railties (5.0.2) lib/rails/rack/logger.rb:36:in `call_app'
railties (5.0.2) lib/rails/rack/logger.rb:24:in `block in call'
activesupport (5.0.2) lib/active_support/tagged_logging.rb:69:in `block in tagged'
activesupport (5.0.2) lib/active_support/tagged_logging.rb:26:in `tagged'
activesupport (5.0.2) lib/active_support/tagged_logging.rb:69:in `tagged'
railties (5.0.2) lib/rails/rack/logger.rb:24:in `call'
actionpack (5.0.2) lib/action_dispatch/middleware/request_id.rb:24:in `call'
rack (2.0.1) lib/rack/method_override.rb:22:in `call'
rack (2.0.1) lib/rack/runtime.rb:22:in `call'
activesupport (5.0.2) lib/active_support/cache/strategy/local_cache_middleware.rb:28:in `call'
actionpack (5.0.2) lib/action_dispatch/middleware/executor.rb:12:in `call'
actionpack (5.0.2) lib/action_dispatch/middleware/static.rb:136:in `call'
rack (2.0.1) lib/rack/sendfile.rb:111:in `call'
railties (5.0.2) lib/rails/engine.rb:522:in `call'
puma (3.8.2) lib/puma/configuration.rb:224:in `call'
puma (3.8.2) lib/puma/server.rb:600:in `handle_request'
puma (3.8.2) lib/puma/server.rb:435:in `process_client'
puma (3.8.2) lib/puma/server.rb:299:in `block in run'
puma (3.8.2) lib/puma/thread_pool.rb:120:in `block in spawn_thread'
  Rendering /Users/yushiro/.rbenv/versions/2.3.1/lib/ruby/gems/2.3.0/gems/actionpack-5.0.2/lib/action_dispatch/middleware/templates/rescues/routing_error.html.erb within rescues/layout
  Rendering /Users/yushiro/.rbenv/versions/2.3.1/lib/ruby/gems/2.3.0/gems/actionpack-5.0.2/lib/action_dispatch/middleware/templates/rescues/_trace.html.erb
  Rendered /Users/yushiro/.rbenv/versions/2.3.1/lib/ruby/gems/2.3.0/gems/actionpack-5.0.2/lib/action_dispatch/middleware/templates/rescues/_trace.html.erb (1.0ms)
  Rendered collection of /Users/yushiro/.rbenv/versions/2.3.1/lib/ruby/gems/2.3.0/gems/actionpack-5.0.2/lib/action_dispatch/middleware/templates/routes/_route.html.erb [1 times] (0.7ms)
  Rendered /Users/yushiro/.rbenv/versions/2.3.1/lib/ruby/gems/2.3.0/gems/actionpack-5.0.2/lib/action_dispatch/middleware/templates/routes/_table.html.erb (1.0ms)
  Rendering /Users/yushiro/.rbenv/versions/2.3.1/lib/ruby/gems/2.3.0/gems/actionpack-5.0.2/lib/action_dispatch/middleware/templates/rescues/_request_and_response.html.erb
  Rendered /Users/yushiro/.rbenv/versions/2.3.1/lib/ruby/gems/2.3.0/gems/actionpack-5.0.2/lib/action_dispatch/middleware/templates/rescues/_request_and_response.html.erb (0.9ms)
  Rendered /Users/yushiro/.rbenv/versions/2.3.1/lib/ruby/gems/2.3.0/gems/actionpack-5.0.2/lib/action_dispatch/middleware/templates/rescues/routing_error.html.erb within rescues/layout (69.2ms)
Started GET "/sample" for 127.0.0.1 at 2017-04-23 14:33:55 +0900
Processing by SampleController#index as HTML
  Rendering sample/index.html.erb within layouts/application
  Rendered sample/index.html.erb within layouts/application (0.4ms)
Completed 200 OK in 4ms (Views: 3.2ms | ActiveRecord: 0.0ms)


Started GET "/sample" for 127.0.0.1 at 2017-04-23 14:33:56 +0900
Processing by SampleController#index as HTML
  Rendering sample/index.html.erb within layouts/application
  Rendered sample/index.html.erb within layouts/application (0.5ms)
Completed 200 OK in 4ms (Views: 3.4ms | ActiveRecord: 0.0ms)


Started GET "/sample" for 127.0.0.1 at 2017-04-23 14:37:25 +0900
Processing by SampleController#index as HTML
  Rendering sample/index.html.erb within layouts/application
  Rendered sample/index.html.erb within layouts/application (0.5ms)
Completed 200 OK in 5ms (Views: 3.5ms | ActiveRecord: 0.0ms)


Started GET "/sample" for 127.0.0.1 at 2017-04-23 14:39:06 +0900
Processing by SampleController#index as HTML
  Rendering sample/index.html.erb within layouts/application
  Rendered sample/index.html.erb within layouts/application (0.5ms)
Completed 200 OK in 5ms (Views: 4.0ms | ActiveRecord: 0.0ms)


Started GET "/sample" for 127.0.0.1 at 2017-04-23 14:39:15 +0900
Processing by SampleController#index as HTML
  Rendering sample/index.html.erb within layouts/application
  Rendered sample/index.html.erb within layouts/application (0.3ms)
Completed 200 OK in 4ms (Views: 2.9ms | ActiveRecord: 0.0ms)


Started GET "/sample" for 127.0.0.1 at 2017-04-23 14:40:56 +0900
Processing by SampleController#index as HTML
  Rendering sample/index.html.erb within layouts/application
  Rendered sample/index.html.erb within layouts/application (3.0ms)
Completed 200 OK in 15ms (Views: 14.3ms | ActiveRecord: 0.0ms)


Started GET "/sample" for 127.0.0.1 at 2017-04-23 14:43:06 +0900
Processing by SampleController#index as HTML
  Rendering sample/index.html.erb within layouts/application
  Rendered sample/index.html.erb within layouts/application (3.3ms)
Completed 200 OK in 17ms (Views: 15.6ms | ActiveRecord: 0.0ms)


Started GET "/sample" for 127.0.0.1 at 2017-04-23 14:43:07 +0900
Processing by SampleController#index as HTML
  Rendering sample/index.html.erb within layouts/application
  Rendered sample/index.html.erb within layouts/application (0.5ms)
Completed 200 OK in 5ms (Views: 3.4ms | ActiveRecord: 0.0ms)


Started GET "/sample" for 127.0.0.1 at 2017-04-23 14:43:07 +0900
Processing by SampleController#index as HTML
  Rendering sample/index.html.erb within layouts/application
  Rendered sample/index.html.erb within layouts/application (0.4ms)
Completed 200 OK in 4ms (Views: 3.2ms | ActiveRecord: 0.0ms)


Started GET "/sample" for 127.0.0.1 at 2017-04-23 14:43:08 +0900
Processing by SampleController#index as HTML
  Rendering sample/index.html.erb within layouts/application
  Rendered sample/index.html.erb within layouts/application (0.5ms)
Completed 200 OK in 4ms (Views: 3.3ms | ActiveRecord: 0.0ms)


Started GET "/sample" for 127.0.0.1 at 2017-04-23 14:51:49 +0900
Processing by SampleController#index as HTML
  Rendering sample/index.html.erb within layouts/application
  Rendered sample/index.html.erb within layouts/application (2.9ms)
Completed 200 OK in 15ms (Views: 13.6ms | ActiveRecord: 0.0ms)


